ucliGUI::start /home/user100/VM/Ibex-Core-Verification-with-UVM/UVM_capstone/part-i/verif/simv -ucligui 
set ucliGUI::state
set ucliGUI::state
ucliCore::getToolPID
synopsys::env hasTB
trigger_hier_stack_context_switch 0
synopsys::xml set_array_limit <data limit="50" />
synopsys::xml set_depth_limit <data limit="100" />
synopsys::xml set_string_limit <data limit="1000" />
synopsys::xml set_only_active_frame <data value="1" />
synopsys::xml set_variable_frame_id <data value="1" />
synUtils::setDVEInitPhase 1
synopsys::dump -type VPD -file /home/user100/VM/Ibex-Core-Verification-with-UVM/UVM_capstone/part-i/verif/inter.vpd -locking
synopsys::dump -autoflush on -fid VPD9
set ::dve_fid VPD9
synUtils::setDVEInitPhase 0
ucliCore::getToolPID
synUtils::sendTool -active _icl_setToolSocket /tmp/smlnpaGKako
synUtils::sendTool -active {_icl_start_rpc -version "L-2016.06_Full64" -sync_file /tmp/vcs_dve_rpc.user.17242}
synUtils::sendTool -active {_icl_createSharedMemory /tmp/vcs_dve_general.user.17242}
config endofsim noexit
config onfail enable all
config syscaddplainmembers
config syscaddsourcenames
config syscaddstructtypes
synopsys::listing -disable
# Begin_DVE_Session_Save_Info
# DVE restart session
# Saved on Tue Oct 31 19:15:41 2023
# Designs open: 1
#   Sim: /home/user100/VM/Ibex-Core-Verification-with-UVM/UVM_capstone/part-i/verif/simv
# Toplevel windows open: 4
# 	TopLevel.1
# 	TopLevel.2
# 	TopLevel.3
# 	TopLevel.4
#   Source.1: uvm_pkg.\uvm_root::run_test
#   Wave.1: 18 signals
#   Wave.2: 8 signals
#   Wave.3: 11 signals
#   Group count = 3
#   Group u_top signal count = 62
#   Group ins_if signal count = 8
#   Group data_if signal count = 11
# End_DVE_Session_Save_Info
# DVE version: L-2016.06_Full64
# DVE build date: May 24 2016 21:01:02
#<Session mode="Restart" path=".restartSimSession.tcl" type="Debug">
# Application preferences
#<WindowLayout>
# DVE top-level session
# Create and position top-level window: TopLevel.1
set TopLevel.1 TopLevel.1
# Docked window settings
set HSPane.1 HSPane.1
set Hier.1 Hier.1
set Stack.1 Stack.1
set Class.1 Class.1
set Object.1 Object.1
set DLPane.1 DLPane.1
set Data.1 Data.1
set Local.1 Local.1
set Member.1 Member.1
set Console.1 Console.1
# MDI window settings
set Source.1 Source.1
# End MDI window settings
# Create and position top-level window: TopLevel.2
set TopLevel.2 TopLevel.2
# Docked window settings
# MDI window settings
set Wave.1 Wave.1
# End MDI window settings
# Create and position top-level window: TopLevel.3
set TopLevel.3 TopLevel.3
# Docked window settings
# MDI window settings
set Wave.2 Wave.2
# End MDI window settings
# Create and position top-level window: TopLevel.4
set TopLevel.4 TopLevel.4
# Docked window settings
# MDI window settings
set Wave.3 Wave.3
# End MDI window settings
#</WindowLayout>
#<Database>
#</Database>
# DVE Global setting session:
# Global: Breakpoints
# Global: Bus
# Global: Expressions
# Global: Signal Time Shift
# Global: Signal Compare
# Global: Signal Groups
synopsys::dump -add {tb_top.clk_if tb_top.data_if tb_top.dut_if tb_top.ins_if } -aggregates  -fid VPD9
set _session_group_28 u_top
set u_top "$_session_group_28"
set _session_group_29 ins_if
set ins_if "$_session_group_29"
set _session_group_30 data_if
set data_if "$_session_group_30"
# Global: Highlighting
# Global: Stack
# Post database loading setting...
# Save global setting...
# Wave/List view global setting
# Close all empty TopLevel windows
foreach __top [gui_ekki_get_window_ids -type TopLevel] {     if { [llength [gui_ekki_get_window_ids -parent $__top]] == 0} {         gui_close_window -window $__top     } }
# DVE View/pane content session:
# Hier 'Hier.1'
catch {gui_list_expand -id ${Hier.1} tb_top}
catch {gui_list_select -id ${Hier.1} {tb_top.data_if}}
# Class 'Class.1'
# Member 'Member.1'
# Data 'Data.1'
# Source 'Source.1'
# Warning: Class view not found.
# View 'Wave.1'
set groupExD [gui_get_pref_value -category Wave -key exclusiveSG]
set origWaveHeight [gui_get_pref_value -category Wave -key waveRowHeight]
set origGroupCreationState [gui_list_create_group_when_add -wave]
synopsys::dump -add {_vcs_unit__1607314177 tb_top.u_top.BranchPredictor tb_top.u_top.BranchTargetALU tb_top.u_top.DbgHwBreakNum tb_top.u_top.DbgTriggerEn tb_top.u_top.DmExceptionAddr tb_top.u_top.DmHaltAddr tb_top.u_top.ICache tb_top.u_top.ICacheECC tb_top.u_top.MHPMCounterNum tb_top.u_top.MHPMCounterWidth tb_top.u_top.PMPEnable tb_top.u_top.PMPGranularity tb_top.u_top.PMPNumRegions tb_top.u_top.RV32B tb_top.u_top.RV32E tb_top.u_top.RV32M tb_top.u_top.RegFile tb_top.u_top.SecureIbex tb_top.u_top.WritebackStage tb_top.u_top.clk_i tb_top.u_top.crash_dump_o tb_top.u_top.data_addr_o tb_top.u_top.data_be_o tb_top.u_top.data_err_i tb_top.u_top.data_gnt_i tb_top.u_top.data_rdata_i tb_top.u_top.data_req_o tb_top.u_top.data_rvalid_i tb_top.u_top.data_wdata_o tb_top.u_top.data_we_o tb_top.u_top.fetch_enable_i tb_top.u_top.instr_addr_o tb_top.u_top.instr_err_i tb_top.u_top.instr_gnt_i tb_top.u_top.instr_rdata_i tb_top.u_top.instr_req_o tb_top.u_top.instr_rvalid_i tb_top.u_top.rst_ni tb_top.u_top.rvfi_halt tb_top.u_top.rvfi_insn tb_top.u_top.rvfi_intr tb_top.u_top.rvfi_ixl tb_top.u_top.rvfi_mem_addr tb_top.u_top.rvfi_mem_rdata tb_top.u_top.rvfi_mem_rmask tb_top.u_top.rvfi_mem_wdata tb_top.u_top.rvfi_mem_wmask tb_top.u_top.rvfi_mode tb_top.u_top.rvfi_order tb_top.u_top.rvfi_pc_rdata tb_top.u_top.rvfi_pc_wdata tb_top.u_top.rvfi_rd_addr tb_top.u_top.rvfi_rd_wdata tb_top.u_top.rvfi_rs1_addr tb_top.u_top.rvfi_rs1_rdata tb_top.u_top.rvfi_rs2_addr tb_top.u_top.rvfi_rs2_rdata tb_top.u_top.rvfi_rs3_addr tb_top.u_top.rvfi_rs3_rdata tb_top.u_top.rvfi_trap tb_top.u_top.rvfi_valid } -aggregates  -fid VPD9
if {$origGroupCreationState} { 	gui_list_create_group_when_add -wave -enable }
if { $groupExD } {  gui_msg_report -code DVWW028 }
# View 'Wave.2'
set groupExD [gui_get_pref_value -category Wave -key exclusiveSG]
set origWaveHeight [gui_get_pref_value -category Wave -key waveRowHeight]
set origGroupCreationState [gui_list_create_group_when_add -wave]
if {$origGroupCreationState} { 	gui_list_create_group_when_add -wave -enable }
if { $groupExD } {  gui_msg_report -code DVWW028 }
# View 'Wave.3'
set groupExD [gui_get_pref_value -category Wave -key exclusiveSG]
set origWaveHeight [gui_get_pref_value -category Wave -key waveRowHeight]
set origGroupCreationState [gui_list_create_group_when_add -wave]
ucliGUI::vpdAddHierarchy -scope _vcs_unit__1607314177 -depth 3 -file /home/user100/VM/Ibex-Core-Verification-with-UVM/UVM_capstone/part-i/verif/inter.vpd; synopsys::dump -flush VPD9
ucliGUI::vpdAddHierarchy -scope _vcs_unit__1607314177 -depth 2 -file /home/user100/VM/Ibex-Core-Verification-with-UVM/UVM_capstone/part-i/verif/inter.vpd; synopsys::dump -flush VPD9
if {$origGroupCreationState} { 	gui_list_create_group_when_add -wave -enable }
if { $groupExD } {  gui_msg_report -code DVWW028 }
# Restore toplevel window zorder
# The toplevel window could be closed if it has no view/pane
if {[gui_exist_window -window ${TopLevel.3}]} { 	gui_set_active_window -window ${TopLevel.3} 	gui_set_active_window -window ${Wave.2} }
if {[gui_exist_window -window ${TopLevel.4}]} { 	gui_set_active_window -window ${TopLevel.4} 	gui_set_active_window -window ${Wave.3} }
if {[gui_exist_window -window ${TopLevel.2}]} { 	gui_set_active_window -window ${TopLevel.2} 	gui_set_active_window -window ${Wave.1} }
if {[gui_exist_window -window ${TopLevel.1}]} { 	gui_set_active_window -window ${TopLevel.1} 	gui_set_active_window -window ${Source.1} 	gui_set_active_window -window ${HSPane.1} }
#</Session>
synopsys::run
set ucliGUI::state
set ucliGUI::state
set ucliGUI::state
set ucliGUI::state
synopsys::xml get_stop_data
synopsys::xml {frames <data updateType="preserve" itemId="none" viewId="Stack.1" />}
synopsys::xml {frames <data updateType="preserve" itemId="none" viewId="Stack.1" />}
synopsys::xml {locals <data updateType="preserve" itemId="none" frame_id="frame(41:267:3081)" viewId="Local.1" />}
synopsys::xml {locals <data updateType="preserve" itemId="none" frame_id="frame(41:267:3081)" viewId="Local.1" />}
synopsys::xml {evaluate <data updateType="increment" itemId="140621312" frame_id="frame(41:267:3081)" viewId="Hidden 14" > <item separator="." expr="this" open="1" name="this" depth="1" /></data>}
