  CREATE_STREAM @2024 {NAME:uvm_sequence T:Transactions SCOPE:uvm_test_top.env_instance.sequencer_p STREAM:1869}
  CREATE_STREAM @0 {NAME:uvm_sequence T:Transactions SCOPE:uvm_test_top.env_instance.sequencer_p STREAM:1609}
  CREATE_STREAM @0 {NAME:inst_mem T:Transactions SCOPE:uvm_test_top.env_instance.inst_agent.ins_seqr STREAM:1612}
  CREATE_STREAM @0 {NAME:uvm_sequence T:Transactions SCOPE:uvm_test_top.env_instance.sequencer_p STREAM:1617}
  CREATE_STREAM @0 {NAME:inst_mem T:Transactions SCOPE:uvm_test_top.env_instance.inst_agent.ins_seqr STREAM:1620}
  CREATE_STREAM @0 {NAME:uvm_sequence T:Transactions SCOPE:uvm_test_top.env_instance.sequencer_p STREAM:1625}
  CREATE_STREAM @0 {NAME:inst_mem T:Transactions SCOPE:uvm_test_top.env_instance.inst_agent.ins_seqr STREAM:1628}
  CREATE_STREAM @0 {NAME:uvm_sequence T:Transactions SCOPE:uvm_test_top.env_instance.sequencer_p STREAM:1625}
  CREATE_STREAM @0 {NAME:inst_mem T:Transactions SCOPE:uvm_test_top.env_instance.inst_agent.ins_seqr STREAM:1628}
  CREATE_STREAM @0 {NAME:uvm_sequence T:Transactions SCOPE:uvm_test_top.env_instance.sequencer_p STREAM:1625}
  CREATE_STREAM @0 {NAME:inst_mem T:Transactions SCOPE:uvm_test_top.env_instance.inst_agent.ins_seqr STREAM:1628}
  CREATE_STREAM @0 {NAME:uvm_sequence T:Transactions SCOPE:uvm_test_top.env_instance.sequencer_p STREAM:1625}
  CREATE_STREAM @0 {NAME:inst_mem T:Transactions SCOPE:uvm_test_top.env_instance.inst_agent.ins_seqr STREAM:1628}
  CREATE_STREAM @0 {NAME:uvm_sequence T:Transactions SCOPE:uvm_test_top.env_instance.sequencer_p STREAM:1626}
  CREATE_STREAM @0 {NAME:inst_mem T:Transactions SCOPE:uvm_test_top.env_instance.inst_agent.ins_seqr STREAM:1629}
  CREATE_STREAM @0 {NAME:uvm_sequence T:Transactions SCOPE:uvm_test_top.env_instance.sequencer_p STREAM:1626}
  CREATE_STREAM @0 {NAME:inst_mem T:Transactions SCOPE:uvm_test_top.env_instance.inst_agent.ins_seqr STREAM:1629}
  CREATE_STREAM @0 {NAME:uvm_sequence T:Transactions SCOPE:uvm_test_top.env_instance.sequencer_p STREAM:1625}
  CREATE_STREAM @0 {NAME:inst_mem T:Transactions SCOPE:uvm_test_top.env_instance.inst_agent.ins_seqr STREAM:1628}
  CREATE_STREAM @0 {NAME:uvm_sequence T:Transactions SCOPE:uvm_test_top.env_instance.sequencer_p STREAM:1625}
  CREATE_STREAM @0 {NAME:inst_mem T:Transactions SCOPE:uvm_test_top.env_instance.inst_agent.ins_seqr STREAM:1628}
  CREATE_STREAM @0 {NAME:uvm_sequence T:Transactions SCOPE:uvm_test_top.env_instance.sequencer_p STREAM:1627}
  CREATE_STREAM @0 {NAME:inst_mem T:Transactions SCOPE:uvm_test_top.env_instance.inst_agent.ins_seqr STREAM:1630}
  CREATE_STREAM @0 {NAME:uvm_sequence T:Transactions SCOPE:uvm_test_top.env_instance.sequencer_p STREAM:1625}
  CREATE_STREAM @0 {NAME:inst_mem T:Transactions SCOPE:uvm_test_top.env_instance.inst_agent.ins_seqr STREAM:1628}
  CREATE_STREAM @0 {NAME:uvm_sequence T:Transactions SCOPE:uvm_test_top.env_instance.sequencer_p STREAM:1626}
  CREATE_STREAM @0 {NAME:inst_mem T:Transactions SCOPE:uvm_test_top.env_instance.inst_agent.ins_seqr STREAM:1629}
  CREATE_STREAM @2034 {NAME:seq_inst T:Transactions SCOPE:uvm_test_top.env_instance.sequencer_p STREAM:1748}
  CREATE_STREAM @2034 {NAME:inst_mem T:Transactions SCOPE:uvm_test_top.env_instance.inst_agent.ins_seqr STREAM:1751}
  CREATE_STREAM @2034 {NAME:seq_inst T:Transactions SCOPE:uvm_test_top.env_instance.sequencer_p STREAM:2838}
  CREATE_STREAM @2034 {NAME:inst_mem T:Transactions SCOPE:uvm_test_top.env_instance.inst_agent.ins_seqr STREAM:2841}
  CREATE_STREAM @2034 {NAME:seq_inst T:Transactions SCOPE:uvm_test_top.env_instance.sequencer_p STREAM:2888}
  CREATE_STREAM @2034 {NAME:inst_mem T:Transactions SCOPE:uvm_test_top.env_instance.inst_agent.ins_seqr STREAM:2891}
  CREATE_STREAM @2034 {NAME:seq_inst T:Transactions SCOPE:uvm_test_top.env_instance.sequencer_p STREAM:2888}
  CREATE_STREAM @2034 {NAME:inst_mem T:Transactions SCOPE:uvm_test_top.env_instance.inst_agent.ins_seqr STREAM:2891}
  CREATE_STREAM @2034 {NAME:seq_inst T:Transactions SCOPE:uvm_test_top.env_instance.sequencer_p STREAM:2888}
  CREATE_STREAM @2034 {NAME:inst_mem T:Transactions SCOPE:uvm_test_top.env_instance.inst_agent.ins_seqr STREAM:2891}
  CREATE_STREAM @234 {NAME:seq_inst T:Transactions SCOPE:uvm_test_top.env_instance.sequencer_p STREAM:2428}
  CREATE_STREAM @234 {NAME:inst_mem T:Transactions SCOPE:uvm_test_top.env_instance.inst_agent.ins_seqr STREAM:2431}
  CREATE_STREAM @234 {NAME:seq_inst T:Transactions SCOPE:uvm_test_top.env_instance.sequencer_p STREAM:2428}
  CREATE_STREAM @234 {NAME:inst_mem T:Transactions SCOPE:uvm_test_top.env_instance.inst_agent.ins_seqr STREAM:2431}
  CREATE_STREAM @234 {NAME:seq_inst T:Transactions SCOPE:uvm_test_top.env_instance.sequencer_p STREAM:2428}
  CREATE_STREAM @234 {NAME:inst_mem T:Transactions SCOPE:uvm_test_top.env_instance.inst_agent.ins_seqr STREAM:2431}
  CREATE_STREAM @234 {NAME:seq_inst T:Transactions SCOPE:uvm_test_top.env_instance.sequencer_p STREAM:2428}
  CREATE_STREAM @234 {NAME:inst_mem T:Transactions SCOPE:uvm_test_top.env_instance.inst_agent.ins_seqr STREAM:2431}
  CREATE_STREAM @234 {NAME:seq_inst T:Transactions SCOPE:uvm_test_top.env_instance.sequencer_p STREAM:2427}
  CREATE_STREAM @234 {NAME:inst_mem T:Transactions SCOPE:uvm_test_top.env_instance.inst_agent.ins_seqr STREAM:2430}
  CREATE_STREAM @234 {NAME:seq_inst T:Transactions SCOPE:uvm_test_top.env_instance.sequencer_p STREAM:2426}
  CREATE_STREAM @234 {NAME:inst_mem T:Transactions SCOPE:uvm_test_top.env_instance.inst_agent.ins_seqr STREAM:2429}
  CREATE_STREAM @234 {NAME:seq_inst T:Transactions SCOPE:uvm_test_top.env_instance.sequencer_p STREAM:2426}
  CREATE_STREAM @234 {NAME:inst_mem T:Transactions SCOPE:uvm_test_top.env_instance.inst_agent.ins_seqr STREAM:2429}
  CREATE_STREAM @234 {NAME:seq_inst T:Transactions SCOPE:uvm_test_top.env_instance.sequencer_p STREAM:2426}
  CREATE_STREAM @234 {NAME:inst_mem T:Transactions SCOPE:uvm_test_top.env_instance.inst_agent.ins_seqr STREAM:2429}
  CREATE_STREAM @234 {NAME:seq_inst T:Transactions SCOPE:uvm_test_top.env_instance.sequencer_p STREAM:2426}
  CREATE_STREAM @234 {NAME:inst_mem T:Transactions SCOPE:uvm_test_top.env_instance.inst_agent.ins_seqr STREAM:2429}
  CREATE_STREAM @234 {NAME:seq_inst T:Transactions SCOPE:uvm_test_top.env_instance.sequencer_p STREAM:2428}
  CREATE_STREAM @234 {NAME:inst_mem T:Transactions SCOPE:uvm_test_top.env_instance.inst_agent.ins_seqr STREAM:2431}
  CREATE_STREAM @234 {NAME:seq_inst T:Transactions SCOPE:uvm_test_top.env_instance.sequencer_p STREAM:2428}
  CREATE_STREAM @234 {NAME:inst_mem T:Transactions SCOPE:uvm_test_top.env_instance.inst_agent.ins_seqr STREAM:2431}
  CREATE_STREAM @234 {NAME:seq_inst T:Transactions SCOPE:uvm_test_top.env_instance.sequencer_p STREAM:2426}
  CREATE_STREAM @234 {NAME:inst_mem T:Transactions SCOPE:uvm_test_top.env_instance.inst_agent.ins_seqr STREAM:2429}
  CREATE_STREAM @234 {NAME:seq_inst T:Transactions SCOPE:uvm_test_top.env_instance.sequencer_p STREAM:2426}
  CREATE_STREAM @234 {NAME:inst_mem T:Transactions SCOPE:uvm_test_top.env_instance.inst_agent.ins_seqr STREAM:2429}
  CREATE_STREAM @224 {NAME:seq_inst T:Transactions SCOPE:uvm_test_top.env_instance.sequencer_p STREAM:2426}
  CREATE_STREAM @224 {NAME:inst_mem T:Transactions SCOPE:uvm_test_top.env_instance.inst_agent.ins_seqr STREAM:2429}
  CREATE_STREAM @234 {NAME:seq_inst T:Transactions SCOPE:uvm_test_top.env_instance.sequencer_p STREAM:2426}
  CREATE_STREAM @234 {NAME:inst_mem T:Transactions SCOPE:uvm_test_top.env_instance.inst_agent.ins_seqr STREAM:2429}
  CREATE_STREAM @234 {NAME:seq_inst T:Transactions SCOPE:uvm_test_top.env_instance.sequencer_p STREAM:2426}
  CREATE_STREAM @234 {NAME:inst_mem T:Transactions SCOPE:uvm_test_top.env_instance.inst_agent.ins_seqr STREAM:2429}
  CREATE_STREAM @234 {NAME:seq_inst T:Transactions SCOPE:uvm_test_top.env_instance.sequencer_p STREAM:2426}
  CREATE_STREAM @234 {NAME:inst_mem T:Transactions SCOPE:uvm_test_top.env_instance.inst_agent.ins_seqr STREAM:2429}
  CREATE_STREAM @234 {NAME:seq_inst T:Transactions SCOPE:uvm_test_top.env_instance.sequencer_p STREAM:2427}
  CREATE_STREAM @234 {NAME:inst_mem T:Transactions SCOPE:uvm_test_top.env_instance.inst_agent.ins_seqr STREAM:2430}
  CREATE_STREAM @234 {NAME:seq_inst T:Transactions SCOPE:uvm_test_top.env_instance.sequencer_p STREAM:2426}
  CREATE_STREAM @234 {NAME:inst_mem T:Transactions SCOPE:uvm_test_top.env_instance.inst_agent.ins_seqr STREAM:2429}
  CREATE_STREAM @234 {NAME:seq_inst T:Transactions SCOPE:uvm_test_top.env_instance.sequencer_p STREAM:2426}
  CREATE_STREAM @234 {NAME:inst_mem T:Transactions SCOPE:uvm_test_top.env_instance.inst_agent.ins_seqr STREAM:2429}
  CREATE_STREAM @234 {NAME:seq_inst T:Transactions SCOPE:uvm_test_top.env_instance.sequencer_p STREAM:2428}
  CREATE_STREAM @234 {NAME:inst_mem T:Transactions SCOPE:uvm_test_top.env_instance.inst_agent.ins_seqr STREAM:2431}
  CREATE_STREAM @234 {NAME:seq_inst T:Transactions SCOPE:uvm_test_top.env_instance.sequencer_p STREAM:2774}
  CREATE_STREAM @234 {NAME:inst_mem T:Transactions SCOPE:uvm_test_top.env_instance.inst_agent.ins_seqr STREAM:2777}
  CREATE_STREAM @234 {NAME:data_mem T:Transactions SCOPE:uvm_test_top.env_instance.data_agent.data_seqr STREAM:2780}
  CREATE_STREAM @234 {NAME:seq_inst T:Transactions SCOPE:uvm_test_top.env_instance.sequencer_p STREAM:2427}
  CREATE_STREAM @234 {NAME:inst_mem T:Transactions SCOPE:uvm_test_top.env_instance.inst_agent.ins_seqr STREAM:2430}
  CREATE_STREAM @234 {NAME:seq_inst T:Transactions SCOPE:uvm_test_top.env_instance.sequencer_p STREAM:2774}
  CREATE_STREAM @234 {NAME:inst_mem T:Transactions SCOPE:uvm_test_top.env_instance.inst_agent.ins_seqr STREAM:2777}
  CREATE_STREAM @234 {NAME:data_mem T:Transactions SCOPE:uvm_test_top.env_instance.data_agent.data_seqr STREAM:2780}
  CREATE_STREAM @234 {NAME:seq_inst T:Transactions SCOPE:uvm_test_top.env_instance.sequencer_p STREAM:2774}
  CREATE_STREAM @234 {NAME:inst_mem T:Transactions SCOPE:uvm_test_top.env_instance.inst_agent.ins_seqr STREAM:2777}
  CREATE_STREAM @234 {NAME:data_mem T:Transactions SCOPE:uvm_test_top.env_instance.data_agent.data_seqr STREAM:2780}
  CREATE_STREAM @234 {NAME:seq_inst T:Transactions SCOPE:uvm_test_top.env_instance.sequencer_p STREAM:2774}
  CREATE_STREAM @234 {NAME:inst_mem T:Transactions SCOPE:uvm_test_top.env_instance.inst_agent.ins_seqr STREAM:2777}
  CREATE_STREAM @234 {NAME:data_mem T:Transactions SCOPE:uvm_test_top.env_instance.data_agent.data_seqr STREAM:2780}
  CREATE_STREAM @234 {NAME:seq_inst T:Transactions SCOPE:uvm_test_top.env_instance.sequencer_p STREAM:2775}
  CREATE_STREAM @234 {NAME:inst_mem T:Transactions SCOPE:uvm_test_top.env_instance.inst_agent.ins_seqr STREAM:2778}
  CREATE_STREAM @234 {NAME:data_mem T:Transactions SCOPE:uvm_test_top.env_instance.data_agent.data_seqr STREAM:2781}
  CREATE_STREAM @234 {NAME:seq_inst T:Transactions SCOPE:uvm_test_top.env_instance.sequencer_p STREAM:2774}
  CREATE_STREAM @234 {NAME:inst_mem T:Transactions SCOPE:uvm_test_top.env_instance.inst_agent.ins_seqr STREAM:2777}
  CREATE_STREAM @234 {NAME:data_mem T:Transactions SCOPE:uvm_test_top.env_instance.data_agent.data_seqr STREAM:2780}
  CREATE_STREAM @234 {NAME:seq_inst T:Transactions SCOPE:uvm_test_top.env_instance.sequencer_p STREAM:2774}
  CREATE_STREAM @234 {NAME:inst_mem T:Transactions SCOPE:uvm_test_top.env_instance.inst_agent.ins_seqr STREAM:2777}
  CREATE_STREAM @234 {NAME:data_mem T:Transactions SCOPE:uvm_test_top.env_instance.data_agent.data_seqr STREAM:2780}
  CREATE_STREAM @234 {NAME:seq_inst T:Transactions SCOPE:uvm_test_top.env_instance.sequencer_p STREAM:2774}
  CREATE_STREAM @234 {NAME:inst_mem T:Transactions SCOPE:uvm_test_top.env_instance.inst_agent.ins_seqr STREAM:2777}
  CREATE_STREAM @234 {NAME:data_mem T:Transactions SCOPE:uvm_test_top.env_instance.data_agent.data_seqr STREAM:2780}
  CREATE_STREAM @234 {NAME:seq_inst T:Transactions SCOPE:uvm_test_top.env_instance.sequencer_p STREAM:2774}
  CREATE_STREAM @234 {NAME:inst_mem T:Transactions SCOPE:uvm_test_top.env_instance.inst_agent.ins_seqr STREAM:2777}
  CREATE_STREAM @234 {NAME:data_mem T:Transactions SCOPE:uvm_test_top.env_instance.data_agent.data_seqr STREAM:2780}
  CREATE_STREAM @234 {NAME:seq_inst T:Transactions SCOPE:uvm_test_top.env_instance.sequencer_p STREAM:2774}
  CREATE_STREAM @234 {NAME:inst_mem T:Transactions SCOPE:uvm_test_top.env_instance.inst_agent.ins_seqr STREAM:2777}
  CREATE_STREAM @234 {NAME:data_mem T:Transactions SCOPE:uvm_test_top.env_instance.data_agent.data_seqr STREAM:2780}
  CREATE_STREAM @234 {NAME:seq_inst T:Transactions SCOPE:uvm_test_top.env_instance.sequencer_p STREAM:2774}
  CREATE_STREAM @234 {NAME:inst_mem T:Transactions SCOPE:uvm_test_top.env_instance.inst_agent.ins_seqr STREAM:2777}
  CREATE_STREAM @234 {NAME:data_mem T:Transactions SCOPE:uvm_test_top.env_instance.data_agent.data_seqr STREAM:2780}
  CREATE_STREAM @234 {NAME:seq_inst T:Transactions SCOPE:uvm_test_top.env_instance.sequencer_p STREAM:2775}
  CREATE_STREAM @234 {NAME:inst_mem T:Transactions SCOPE:uvm_test_top.env_instance.inst_agent.ins_seqr STREAM:2778}
  CREATE_STREAM @234 {NAME:data_mem T:Transactions SCOPE:uvm_test_top.env_instance.data_agent.data_seqr STREAM:2781}
  CREATE_STREAM @234 {NAME:seq_inst T:Transactions SCOPE:uvm_test_top.env_instance.sequencer_p STREAM:2774}
  CREATE_STREAM @234 {NAME:inst_mem T:Transactions SCOPE:uvm_test_top.env_instance.inst_agent.ins_seqr STREAM:2777}
  CREATE_STREAM @234 {NAME:data_mem T:Transactions SCOPE:uvm_test_top.env_instance.data_agent.data_seqr STREAM:2780}
  CREATE_STREAM @234 {NAME:seq_inst T:Transactions SCOPE:uvm_test_top.env_instance.sequencer_p STREAM:2775}
  CREATE_STREAM @234 {NAME:inst_mem T:Transactions SCOPE:uvm_test_top.env_instance.inst_agent.ins_seqr STREAM:2778}
  CREATE_STREAM @234 {NAME:data_mem T:Transactions SCOPE:uvm_test_top.env_instance.data_agent.data_seqr STREAM:2781}
  CREATE_STREAM @234 {NAME:seq_inst T:Transactions SCOPE:uvm_test_top.env_instance.sequencer_p STREAM:2774}
  CREATE_STREAM @234 {NAME:inst_mem T:Transactions SCOPE:uvm_test_top.env_instance.inst_agent.ins_seqr STREAM:2777}
  CREATE_STREAM @234 {NAME:data_mem T:Transactions SCOPE:uvm_test_top.env_instance.data_agent.data_seqr STREAM:2780}
  CREATE_STREAM @234 {NAME:seq_inst T:Transactions SCOPE:uvm_test_top.env_instance.sequencer_p STREAM:2775}
  CREATE_STREAM @234 {NAME:inst_mem T:Transactions SCOPE:uvm_test_top.env_instance.inst_agent.ins_seqr STREAM:2778}
  CREATE_STREAM @234 {NAME:data_mem T:Transactions SCOPE:uvm_test_top.env_instance.data_agent.data_seqr STREAM:2781}
  CREATE_STREAM @234 {NAME:seq_inst T:Transactions SCOPE:uvm_test_top.env_instance.sequencer_p STREAM:27374}
  CREATE_STREAM @234 {NAME:inst_mem T:Transactions SCOPE:uvm_test_top.env_instance.inst_agent.ins_seqr STREAM:27377}
  CREATE_STREAM @234 {NAME:data_mem T:Transactions SCOPE:uvm_test_top.env_instance.data_agent.data_seqr STREAM:27380}
  CREATE_STREAM @234 {NAME:seq_inst T:Transactions SCOPE:uvm_test_top.env_instance.sequencer_p STREAM:2775}
  CREATE_STREAM @234 {NAME:inst_mem T:Transactions SCOPE:uvm_test_top.env_instance.inst_agent.ins_seqr STREAM:2778}
  CREATE_STREAM @234 {NAME:data_mem T:Transactions SCOPE:uvm_test_top.env_instance.data_agent.data_seqr STREAM:2781}
  CREATE_STREAM @234 {NAME:seq_inst T:Transactions SCOPE:uvm_test_top.env_instance.sequencer_p STREAM:27374}
  CREATE_STREAM @234 {NAME:inst_mem T:Transactions SCOPE:uvm_test_top.env_instance.inst_agent.ins_seqr STREAM:27377}
  CREATE_STREAM @234 {NAME:data_mem T:Transactions SCOPE:uvm_test_top.env_instance.data_agent.data_seqr STREAM:27380}
  CREATE_STREAM @234 {NAME:seq_inst T:Transactions SCOPE:uvm_test_top.env_instance.sequencer_p STREAM:27375}
  CREATE_STREAM @234 {NAME:inst_mem T:Transactions SCOPE:uvm_test_top.env_instance.inst_agent.ins_seqr STREAM:27378}
  CREATE_STREAM @234 {NAME:data_mem T:Transactions SCOPE:uvm_test_top.env_instance.data_agent.data_seqr STREAM:27381}
  CREATE_STREAM @234 {NAME:seq_inst T:Transactions SCOPE:uvm_test_top.env_instance.sequencer STREAM:27350}
  CREATE_STREAM @234 {NAME:inst_mem T:Transactions SCOPE:uvm_test_top.env_instance.inst_agent.ins_seqr STREAM:27353}
  CREATE_STREAM @234 {NAME:data_mem T:Transactions SCOPE:uvm_test_top.env_instance.da_agent.data_seqr STREAM:27356}
  CREATE_STREAM @234 {NAME:seq_inst T:Transactions SCOPE:uvm_test_top.env_instance.sequencer_p STREAM:27375}
  CREATE_STREAM @234 {NAME:inst_mem T:Transactions SCOPE:uvm_test_top.env_instance.inst_agent.ins_seqr STREAM:27378}
  CREATE_STREAM @234 {NAME:data_mem T:Transactions SCOPE:uvm_test_top.env_instance.data_agent.data_seqr STREAM:27381}
  CREATE_STREAM @234 {NAME:seq_inst T:Transactions SCOPE:uvm_test_top.env_instance.sequencer STREAM:1214}
  CREATE_STREAM @234 {NAME:inst_mem T:Transactions SCOPE:uvm_test_top.env_instance.inst_agent.ins_seqr STREAM:1217}
  CREATE_STREAM @234 {NAME:data_mem T:Transactions SCOPE:uvm_test_top.env_instance.da_agent.data_seqr STREAM:1220}
  CREATE_STREAM @234 {NAME:seq_inst T:Transactions SCOPE:uvm_test_top.env_instance.sequencer STREAM:1214}
  CREATE_STREAM @234 {NAME:inst_mem T:Transactions SCOPE:uvm_test_top.env_instance.inst_agent.ins_seqr STREAM:1217}
  CREATE_STREAM @234 {NAME:data_mem T:Transactions SCOPE:uvm_test_top.env_instance.da_agent.data_seqr STREAM:1220}
  CREATE_STREAM @234 {NAME:seq_inst T:Transactions SCOPE:uvm_test_top.env_instance.sequencer STREAM:1214}
  CREATE_STREAM @234 {NAME:inst_mem T:Transactions SCOPE:uvm_test_top.env_instance.inst_agent.ins_seqr STREAM:1217}
  CREATE_STREAM @234 {NAME:data_mem T:Transactions SCOPE:uvm_test_top.env_instance.da_agent.data_seqr STREAM:1220}
  CREATE_STREAM @234 {NAME:seq_inst T:Transactions SCOPE:uvm_test_top.env_instance.sequencer STREAM:1214}
  CREATE_STREAM @234 {NAME:inst_mem T:Transactions SCOPE:uvm_test_top.env_instance.inst_agent.ins_seqr STREAM:1217}
  CREATE_STREAM @234 {NAME:data_mem T:Transactions SCOPE:uvm_test_top.env_instance.da_agent.data_seqr STREAM:1220}
  CREATE_STREAM @234 {NAME:seq_inst T:Transactions SCOPE:uvm_test_top.env_instance.sequencer STREAM:1194}
  CREATE_STREAM @234 {NAME:inst_mem T:Transactions SCOPE:uvm_test_top.env_instance.inst_agent.ins_seqr STREAM:1197}
  CREATE_STREAM @234 {NAME:data_mem T:Transactions SCOPE:uvm_test_top.env_instance.da_agent.data_seqr STREAM:1200}
  CREATE_STREAM @234 {NAME:seq_inst T:Transactions SCOPE:uvm_test_top.env_instance.sequencer STREAM:1146}
  CREATE_STREAM @234 {NAME:inst_mem T:Transactions SCOPE:uvm_test_top.env_instance.inst_agent.ins_seqr STREAM:1149}
  CREATE_STREAM @234 {NAME:data_mem T:Transactions SCOPE:uvm_test_top.env_instance.da_agent.data_seqr STREAM:1152}
